<?xml version="1.0" encoding="UTF-8"?>
<testsuites name="jest tests" tests="33" failures="0" errors="0" time="2.029">
  <testsuite name="undefined" errors="0" failures="0" skipped="0" timestamp="2024-12-04T04:40:52" time="1.416" tests="8">
    <testcase classname=" validate form function is triggered when form is submitted" name=" validate form function is triggered when form is submitted" time="0.068">
    </testcase>
    <testcase classname=" validateForm function correctly collects data on form submit" name=" validateForm function correctly collects data on form submit" time="0.033">
    </testcase>
    <testcase classname=" function flags if event name is left empty" name=" function flags if event name is left empty" time="0.009">
    </testcase>
    <testcase classname=" function flags if representative&apos;s name is left empty" name=" function flags if representative&apos;s name is left empty" time="0.013">
    </testcase>
    <testcase classname=" function flags if representative&apos;s email is left empty" name=" function flags if representative&apos;s email is left empty" time="0.014">
    </testcase>
    <testcase classname=" function flags if role selection is left empty" name=" function flags if role selection is left empty" time="0.007">
    </testcase>
    <testcase classname=" function correctly identifies and flags when email is not in valid form" name=" function correctly identifies and flags when email is not in valid form" time="0.007">
    </testcase>
    <testcase classname=" formData object is created on valid form submission" name=" formData object is created on valid form submission" time="0.001">
    </testcase>
  </testsuite>
  <testsuite name="undefined" errors="0" failures="0" skipped="0" timestamp="2024-12-04T04:40:52" time="1.414" tests="8">
    <testcase classname=" callback is triggered on form submission" name=" callback is triggered on form submission" time="0.066">
    </testcase>
    <testcase classname=" validateFormSubmit correctly collects form data" name=" validateFormSubmit correctly collects form data" time="0.033">
    </testcase>
    <testcase classname=" validateCharityName returns false when input is empty" name=" validateCharityName returns false when input is empty" time="0.009">
    </testcase>
    <testcase classname=" validateDonation returns false when input is empty" name=" validateDonation returns false when input is empty" time="0.011">
    </testcase>
    <testcase classname=" validateDate returns false when input is empty" name=" validateDate returns false when input is empty" time="0.008">
    </testcase>
    <testcase classname=" validateDonation returns false when input is negative" name=" validateDonation returns false when input is negative" time="0.006">
    </testcase>
    <testcase classname=" validateDonation returns false when input is non-numeric" name=" validateDonation returns false when input is non-numeric" time="0.006">
    </testcase>
    <testcase classname=" temporary data object is correctly populated with form data" name=" temporary data object is correctly populated with form data" time="0.001">
    </testcase>
  </testsuite>
  <testsuite name="undefined" errors="0" failures="0" skipped="0" timestamp="2024-12-04T04:40:52" time="1.718" tests="17">
    <testcase classname=" validateFormSubmit correctly collects form data" name=" validateFormSubmit correctly collects form data" time="0.107">
    </testcase>
    <testcase classname=" callback is triggered on form submission" name=" callback is triggered on form submission" time="0.007">
    </testcase>
    <testcase classname=" temporary data object is correctly populated with form data" name=" temporary data object is correctly populated with form data" time="0.001">
    </testcase>
    <testcase classname=" validateCharityName returns false when input is empty" name=" validateCharityName returns false when input is empty" time="0.006">
    </testcase>
    <testcase classname=" validateHoursVolunteered returns false when input is empty" name=" validateHoursVolunteered returns false when input is empty" time="0.005">
    </testcase>
    <testcase classname=" validateDate returns false when input is empty" name=" validateDate returns false when input is empty" time="0.005">
    </testcase>
    <testcase classname=" validateHoursVolunteered returns false when input is negative" name=" validateHoursVolunteered returns false when input is negative" time="0.005">
    </testcase>
    <testcase classname=" validateHoursVolunteered returns false when input is non-numeric" name=" validateHoursVolunteered returns false when input is non-numeric" time="0.005">
    </testcase>
    <testcase classname=" validateExperienceRating returns false when input is empty" name=" validateExperienceRating returns false when input is empty" time="0.005">
    </testcase>
    <testcase classname=" validateExperienceRating returns false when input is out of range" name=" validateExperienceRating returns false when input is out of range" time="0.009">
    </testcase>
    <testcase classname=" validateExperienceRating returns true when input is valid" name=" validateExperienceRating returns true when input is valid" time="0.005">
    </testcase>
    <testcase classname=" saveToLocalStorage correctly stores data" name=" saveToLocalStorage correctly stores data" time="0">
    </testcase>
    <testcase classname=" loadLoggedHours correctly retrieves data from localStorage and displays it in the table" name=" loadLoggedHours correctly retrieves data from localStorage and displays it in the table" time="0.019">
    </testcase>
    <testcase classname=" summary section correctly calculates and displays total hours volunteered" name=" summary section correctly calculates and displays total hours volunteered" time="0.016">
    </testcase>
    <testcase classname=" delete button removes a record from the table" name=" delete button removes a record from the table" time="0.009">
    </testcase>
    <testcase classname=" delete button removes a record from localStorage" name=" delete button removes a record from localStorage" time="0.009">
    </testcase>
    <testcase classname=" total volunteered hours in the summary section is updated when a log is deleted" name=" total volunteered hours in the summary section is updated when a log is deleted" time="0.009">
    </testcase>
  </testsuite>
</testsuites>