<?xml version="1.0" encoding="UTF-8"?>
<testsuites name="jest tests" tests="33" failures="0" errors="0" time="1.351">
  <testsuite name="undefined" errors="0" failures="0" skipped="0" timestamp="2024-12-03T22:41:23" time="0.92" tests="8">
    <testcase classname=" validate form function is triggered when form is submitted" name=" validate form function is triggered when form is submitted" time="0.065">
    </testcase>
    <testcase classname=" validateForm function correctly collects data on form submit" name=" validateForm function correctly collects data on form submit" time="0.028">
    </testcase>
    <testcase classname=" function flags if event name is left empty" name=" function flags if event name is left empty" time="0.008">
    </testcase>
    <testcase classname=" function flags if representative&apos;s name is left empty" name=" function flags if representative&apos;s name is left empty" time="0.006">
    </testcase>
    <testcase classname=" function flags if representative&apos;s email is left empty" name=" function flags if representative&apos;s email is left empty" time="0.008">
    </testcase>
    <testcase classname=" function flags if role selection is left empty" name=" function flags if role selection is left empty" time="0.007">
    </testcase>
    <testcase classname=" function correctly identifies and flags when email is not in valid form" name=" function correctly identifies and flags when email is not in valid form" time="0.007">
    </testcase>
    <testcase classname=" formData object is created on valid form submission" name=" formData object is created on valid form submission" time="0">
    </testcase>
  </testsuite>
  <testsuite name="undefined" errors="0" failures="0" skipped="0" timestamp="2024-12-03T22:41:23" time="0.933" tests="11">
    <testcase classname=" validateFormSubmit correctly collects form data" name=" validateFormSubmit correctly collects form data" time="0.087">
    </testcase>
    <testcase classname=" callback is triggered on form submission" name=" callback is triggered on form submission" time="0.008">
    </testcase>
    <testcase classname=" temporary data object is correctly populated with form data" name=" temporary data object is correctly populated with form data" time="0.001">
    </testcase>
    <testcase classname=" validateCharityName returns false when input is empty" name=" validateCharityName returns false when input is empty" time="0.006">
    </testcase>
    <testcase classname=" validateHoursVolunteered returns false when input is empty" name=" validateHoursVolunteered returns false when input is empty" time="0.006">
    </testcase>
    <testcase classname=" validateDate returns false when input is empty" name=" validateDate returns false when input is empty" time="0.006">
    </testcase>
    <testcase classname=" validateHoursVolunteered returns false when input is negative" name=" validateHoursVolunteered returns false when input is negative" time="0.005">
    </testcase>
    <testcase classname=" validateHoursVolunteered returns false when input is non-numeric" name=" validateHoursVolunteered returns false when input is non-numeric" time="0.006">
    </testcase>
    <testcase classname=" validateExperienceRating returns false when input is empty" name=" validateExperienceRating returns false when input is empty" time="0.005">
    </testcase>
    <testcase classname=" validateExperienceRating returns false when input is out of range" name=" validateExperienceRating returns false when input is out of range" time="0.01">
    </testcase>
    <testcase classname=" validateExperienceRating returns true when input is valid" name=" validateExperienceRating returns true when input is valid" time="0.006">
    </testcase>
  </testsuite>
  <testsuite name="undefined" errors="0" failures="0" skipped="0" timestamp="2024-12-03T22:41:23" time="1.15" tests="14">
    <testcase classname=" callback is triggered on form submission" name=" callback is triggered on form submission" time="0.053">
    </testcase>
    <testcase classname=" validateFormSubmit correctly collects form data" name=" validateFormSubmit correctly collects form data" time="0.026">
    </testcase>
    <testcase classname=" validateCharityName returns false when input is empty" name=" validateCharityName returns false when input is empty" time="0.005">
    </testcase>
    <testcase classname=" validateDonation returns false when input is empty" name=" validateDonation returns false when input is empty" time="0.003">
    </testcase>
    <testcase classname=" validateDate returns false when input is empty" name=" validateDate returns false when input is empty" time="0.004">
    </testcase>
    <testcase classname=" validateDonation returns false when input is negative" name=" validateDonation returns false when input is negative" time="0.003">
    </testcase>
    <testcase classname=" validateDonation returns false when input is non-numeric" name=" validateDonation returns false when input is non-numeric" time="0.003">
    </testcase>
    <testcase classname=" temporary data object is correctly populated with form data" name=" temporary data object is correctly populated with form data" time="0.001">
    </testcase>
    <testcase classname="test localstorage saveData correctly stores data in localStorage" name="test localstorage saveData correctly stores data in localStorage" time="0.007">
    </testcase>
    <testcase classname="test localstorage data is correctly retrieved from localStorage and loaded into the table" name="test localstorage data is correctly retrieved from localStorage and loaded into the table" time="0.018">
    </testcase>
    <testcase classname="test summary section updateSummary correctly calculates and displays the total amount donated" name="test summary section updateSummary correctly calculates and displays the total amount donated" time="0.021">
    </testcase>
    <testcase classname="test delete button Delete button removes a record from the table" name="test delete button Delete button removes a record from the table" time="0.024">
    </testcase>
    <testcase classname="test delete button Delete button removes a record from localStorage" name="test delete button Delete button removes a record from localStorage" time="0.025">
    </testcase>
    <testcase classname="test delete button Total donation amount in summary section is updated when donation is deleted" name="test delete button Total donation amount in summary section is updated when donation is deleted" time="0.023">
    </testcase>
  </testsuite>
</testsuites>