<?xml version="1.0" encoding="UTF-8"?>
<testsuites name="jest tests" tests="7" failures="0" errors="0" time="0.869">
  <testsuite name="undefined" errors="0" failures="0" skipped="0" timestamp="2024-11-27T03:40:24" time="0.809" tests="7">
    <testcase classname=" callback is triggered on form submission" name=" callback is triggered on form submission" time="0.04">
    </testcase>
    <testcase classname=" temporary data object is correctly populated with form data" name=" temporary data object is correctly populated with form data" time="0.011">
    </testcase>
    <testcase classname=" validateCharityName returns false when input is empty" name=" validateCharityName returns false when input is empty" time="0.006">
    </testcase>
    <testcase classname=" validateDonation returns false when input is empty" name=" validateDonation returns false when input is empty" time="0.005">
    </testcase>
    <testcase classname=" validateDate returns false when input is empty" name=" validateDate returns false when input is empty" time="0.005">
    </testcase>
    <testcase classname=" validateDonation returns false when input is negative" name=" validateDonation returns false when input is negative" time="0.005">
    </testcase>
    <testcase classname=" validateDonation returns false when input is non-numeric" name=" validateDonation returns false when input is non-numeric" time="0.003">
    </testcase>
  </testsuite>
</testsuites>